<?xml version="1.0" encoding="UTF-8"?>
<!-- Generated by org.testng.reporters.JUnitXMLReporter -->
<testsuite ignored="1" hostname="suharika" failures="1" tests="1" name="Default test(failed)" time="0.031" errors="0" timestamp="2024-02-29T21:27:55 IST">
  <testcase classname="testngex.paremeter" name="f" time="0.0">
    <failure type="org.testng.TestNGException" message="
Parameter &amp;apos;user&amp;apos; is required by @Test on method f but has not been marked @Optional or defined
in D:\EAI\workspace\Ak_java\test-output\testng-failed.xml">
      <![CDATA[org.testng.TestNGException: 
Parameter 'user' is required by @Test on method f but has not been marked @Optional or defined
in D:\EAI\workspace\Ak_java\test-output\testng-failed.xml
at java.base/java.util.ArrayList.forEach(ArrayList.java:1511)
... Removed 26 stack frames]]>
    </failure>
  </testcase> <!-- f -->
  <testcase classname="testngex.paremeter" name="f1" time="0.0">
    <ignored/>
  </testcase> <!-- f1 -->
</testsuite> <!-- Default test(failed) -->
